<?xml version="1.0" encoding="utf-8"?><testsuites name="pytest tests"><testsuite name="pytest" errors="0" failures="0" skipped="0" tests="16" time="14.420" timestamp="2026-06-02T03:58:41.975754+00:00" hostname="agent-env-c6b45f86-dc45-43d0-9cac-f79f1febd04f"><testcase classname="test_recipes.TestAuthRegression" name="test_login_demo_works" time="0.489" /><testcase classname="test_recipes.TestAuthRegression" name="test_voice_config_gemini_loaded" time="0.323" /><testcase classname="test_recipes.TestAuthRegression" name="test_diet_plan_regression" time="0.051" /><testcase classname="test_recipes.TestRecipeAuthRequired" name="test_requires_auth[post-/diet/recipe/detail-body0]" time="0.047" /><testcase classname="test_recipes.TestRecipeAuthRequired" name="test_requires_auth[post-/diet/recipe/custom-body1]" time="0.056" /><testcase classname="test_recipes.TestRecipeAuthRequired" name="test_requires_auth[get-/diet/recipes-None]" time="0.050" /><testcase classname="test_recipes.TestRecipeAuthRequired" name="test_requires_auth[post-/diet/recipes/does-not-exist/save-None]" time="0.050" /><testcase classname="test_recipes.TestRecipeAuthRequired" name="test_requires_auth[delete-/diet/recipes/does-not-exist-None]" time="0.048" /><testcase classname="test_recipes.TestRecipeDetail" name="test_create_detail_for_ai_meal" time="0.047" /><testcase classname="test_recipes.TestRecipeDetail" name="test_detail_is_cached_per_user_and_meal" time="0.048" /><testcase classname="test_recipes.TestRecipeCustom" name="test_custom_wizard_creates_and_autosaves" time="6.920" /><testcase classname="test_recipes.TestCookbookList" name="test_list_returns_only_saved" time="0.047" /><testcase classname="test_recipes.TestSaveRecipe" name="test_save_existing_ai_plan_recipe" time="5.957" /><testcase classname="test_recipes.TestSaveRecipe" name="test_save_unknown_recipe_returns_404" time="0.048" /><testcase classname="test_recipes.TestDeleteRecipe" name="test_delete_existing" time="0.095" /><testcase classname="test_recipes.TestDeleteRecipe" name="test_delete_unknown_returns_404" time="0.048" /></testsuite></testsuites>